2024-04-13 13:54:29 startup archives unpack
2024-04-13 13:54:29 ALERT motd-news-config:all 12ubuntu4.4 12ubuntu4.6
2024-04-13 13:54:29 status half-ALERT motd-news-config:all 12ubuntu4.4
2024-04-13 13:54:29 status unpacked motd-news-config:all 12ubuntu4.4
2024-04-13 13:54:29 status half-installed motd-news-config:all 12ubuntu4.4
2024-04-13 13:54:29 status unpacked motd-news-config:all 12ubuntu4.6
2024-04-13 13:54:29 ALERT base-files:arm64 12ubuntu4.4 12ubuntu4.6
2024-04-13 13:54:29 status half-ALERT base-files:arm64 12ubuntu4.4
2024-04-13 13:54:29 status unpacked base-files:arm64 12ubuntu4.4
2024-04-13 13:54:29 status half-installed base-files:arm64 12ubuntu4.4
2024-04-13 13:54:29 status triggers-pending plymouth-theme-ubuntu-text:arm64 0.9.5+git20211018-1ubuntu3
2024-04-13 13:54:29 status triggers-pending install-info:arm64 6.8-4build1
2024-04-13 13:54:29 status triggers-pending man-db:arm64 2.10.2-1
2024-04-13 13:54:29 status unpacked base-files:arm64 12ubuntu4.6
2024-04-13 13:54:29 startup packages ALERT
2024-04-13 13:54:29 ALERT base-files:arm64 12ubuntu4.6 <none>
2024-04-13 13:54:29 status unpacked base-files:arm64 12ubuntu4.6
2024-04-13 13:54:29 status half-ALERT base-files:arm64 12ubuntu4.6
2024-04-13 13:54:29 status installed base-files:arm64 12ubuntu4.6
2024-04-13 13:54:29 startup archives unpack
2024-04-13 13:54:29 ALERT bash:arm64 5.1-6ubuntu1 5.1-6ubuntu1.1
2024-04-13 13:54:29 status half-ALERT bash:arm64 5.1-6ubuntu1
2024-04-13 13:54:29 status unpacked bash:arm64 5.1-6ubuntu1
2024-04-13 13:54:29 status half-installed bash:arm64 5.1-6ubuntu1
2024-04-13 13:54:29 status unpacked bash:arm64 5.1-6ubuntu1.1
2024-04-13 13:54:29 startup packages ALERT
2024-04-13 13:54:29 ALERT bash:arm64 5.1-6ubuntu1.1 <none>
2024-04-13 13:54:29 status unpacked bash:arm64 5.1-6ubuntu1.1
2024-04-13 13:54:29 status half-ALERT bash:arm64 5.1-6ubuntu1.1
2024-04-13 13:54:29 status installed bash:arm64 5.1-6ubuntu1.1
2024-04-13 13:54:29 startup archives unpack
2024-04-13 13:54:29 ALERT bsdutils:arm64 1:2.37.2-4ubuntu3 1:2.37.2-4ubuntu3.4
2024-04-13 13:54:29 status half-ALERT bsdutils:arm64 1:2.37.2-4ubuntu3
2024-04-13 13:54:29 status unpacked bsdutils:arm64 1:2.37.2-4ubuntu3
2024-04-13 13:54:29 status half-installed bsdutils:arm64 1:2.37.2-4ubuntu3
2024-04-13 13:54:29 status unpacked bsdutils:arm64 1:2.37.2-4ubuntu3.4
2024-04-13 13:54:29 startup packages ALERT
2024-04-13 13:54:29 ALERT bsdutils:arm64 1:2.37.2-4ubuntu3.4 <none>
2024-04-13 13:54:29 status unpacked bsdutils:arm64 1:2.37.2-4ubuntu3.4
2024-04-13 13:54:29 status half-ALERT bsdutils:arm64 1:2.37.2-4ubuntu3.4
2024-04-13 13:54:29 status installed bsdutils:arm64 1:2.37.2-4ubuntu3.4
2024-04-13 13:54:29 startup archives unpack
2024-04-13 13:54:29 ALERT coreutils:arm64 8.32-4.1ubuntu1 8.32-4.1ubuntu1.2
2024-04-13 13:54:29 status half-ALERT coreutils:arm64 8.32-4.1ubuntu1
2024-04-13 13:54:29 status unpacked coreutils:arm64 8.32-4.1ubuntu1
2024-04-13 13:54:29 status half-installed coreutils:arm64 8.32-4.1ubuntu1
2024-04-13 13:54:30 status unpacked coreutils:arm64 8.32-4.1ubuntu1.2
2024-04-13 13:54:30 startup packages ALERT
2024-04-13 13:54:30 ALERT coreutils:arm64 8.32-4.1ubuntu1.2 <none>
2024-04-13 13:54:30 status unpacked coreutils:arm64 8.32-4.1ubuntu1.2
2024-04-13 13:54:30 status half-ALERT coreutils:arm64 8.32-4.1ubuntu1.2
2024-04-13 13:54:30 status installed coreutils:arm64 8.32-4.1ubuntu1.2
2024-04-13 13:54:30 startup archives unpack
2024-04-13 13:54:30 ALERT libnss-systemd:arm64 249.11-0ubuntu3.9 249.11-0ubuntu3.12
2024-04-13 13:54:30 status triggers-pending libc-bin:arm64 2.35-0ubuntu3.6
2024-04-13 13:54:30 status half-ALERT libnss-systemd:arm64 249.11-0ubuntu3.9
2024-04-13 13:54:30 status unpacked libnss-systemd:arm64 249.11-0ubuntu3.9
2024-04-13 13:54:30 status half-installed libnss-systemd:arm64 249.11-0ubuntu3.9
2024-04-13 13:54:30 status unpacked libnss-systemd:arm64 249.11-0ubuntu3.12
2024-04-13 13:54:30 ALERT libsystemd0:arm64 249.11-0ubuntu3.9 249.11-0ubuntu3.12
2024-04-13 13:54:30 status half-ALERT libsystemd0:arm64 249.11-0ubuntu3.9
2024-04-13 13:54:30 status unpacked libsystemd0:arm64 249.11-0ubuntu3.9
2024-04-13 13:54:30 status half-installed libsystemd0:arm64 249.11-0ubuntu3.9
2024-04-13 13:54:30 status unpacked libsystemd0:arm64 249.11-0ubuntu3.12
2024-04-13 13:54:30 startup packages ALERT
2024-04-13 13:54:30 ALERT libsystemd0:arm64 249.11-0ubuntu3.12 <none>
2024-04-13 13:54:30 status unpacked libsystemd0:arm64 249.11-0ubuntu3.12
2024-04-13 13:54:30 status half-ALERT libsystemd0:arm64 249.11-0ubuntu3.12
2024-04-13 13:54:30 status installed libsystemd0:arm64 249.11-0ubuntu3.12
2024-04-13 13:54:30 startup archives unpack
2024-04-13 13:54:30 ALERT systemd-timesyncd:arm64 249.11-0ubuntu3.9 249.11-0ubuntu3.12
2024-04-13 13:54:30 status half-ALERT systemd-timesyncd:arm64 249.11-0ubuntu3.9
2024-04-13 13:54:30 status unpacked systemd-timesyncd:arm64 249.11-0ubuntu3.9
2024-04-13 13:54:30 status half-installed systemd-timesyncd:arm64 249.11-0ubuntu3.9
2024-04-13 13:54:30 status triggers-pending dbus:arm64 1.12.20-2ubuntu4.1
2024-04-13 13:54:30 status unpacked systemd-timesyncd:arm64 249.11-0ubuntu3.12
2024-04-13 13:54:30 ALERT systemd-sysv:arm64 249.11-0ubuntu3.9 249.11-0ubuntu3.12
2024-04-13 13:54:30 status half-ALERT systemd-sysv:arm64 249.11-0ubuntu3.9
2024-04-13 13:54:30 status unpacked systemd-sysv:arm64 249.11-0ubuntu3.9
2024-04-13 13:54:30 status half-installed systemd-sysv:arm64 249.11-0ubuntu3.9
2024-04-13 13:54:30 status unpacked systemd-sysv:arm64 249.11-0ubuntu3.12
2024-04-13 13:54:30 ALERT libpam-systemd:arm64 249.11-0ubuntu3.9 249.11-0ubuntu3.12
2024-04-13 13:54:30 status half-ALERT libpam-systemd:arm64 249.11-0ubuntu3.9
2024-04-13 13:54:30 status unpacked libpam-systemd:arm64 249.11-0ubuntu3.9
2024-04-13 13:54:30 status half-installed libpam-systemd:arm64 249.11-0ubuntu3.9
2024-04-13 13:54:30 status unpacked libpam-systemd:arm64 249.11-0ubuntu3.12
2024-04-13 13:54:30 ALERT systemd:arm64 249.11-0ubuntu3.9 249.11-0ubuntu3.12
2024-04-13 13:54:30 status half-ALERT systemd:arm64 249.11-0ubuntu3.9
2024-04-13 13:54:30 status unpacked systemd:arm64 249.11-0ubuntu3.9
2024-04-13 13:54:30 status half-installed systemd:arm64 249.11-0ubuntu3.9
2024-04-13 13:54:30 status unpacked systemd:arm64 249.11-0ubuntu3.12
2024-04-13 13:54:30 ALERT udev:arm64 249.11-0ubuntu3.9 249.11-0ubuntu3.12
2024-04-13 13:54:30 status triggers-pending initramfs-tools:all 0.140ubuntu13.2
2024-04-13 13:54:30 status half-ALERT udev:arm64 249.11-0ubuntu3.9
2024-04-13 13:54:30 status unpacked udev:arm64 249.11-0ubuntu3.9
2024-04-13 13:54:30 status half-installed udev:arm64 249.11-0ubuntu3.9
2024-04-13 13:54:30 status unpacked udev:arm64 249.11-0ubuntu3.12
2024-04-13 13:54:30 ALERT libudev1:arm64 249.11-0ubuntu3.9 249.11-0ubuntu3.12
2024-04-13 13:54:30 status half-ALERT libudev1:arm64 249.11-0ubuntu3.9
2024-04-13 13:54:30 status unpacked libudev1:arm64 249.11-0ubuntu3.9
2024-04-13 13:54:30 status half-installed libudev1:arm64 249.11-0ubuntu3.9
2024-04-13 13:54:30 status unpacked libudev1:arm64 249.11-0ubuntu3.12
2024-04-13 13:54:30 startup packages ALERT
2024-04-13 13:54:30 ALERT libudev1:arm64 249.11-0ubuntu3.12 <none>
2024-04-13 13:54:30 status unpacked libudev1:arm64 249.11-0ubuntu3.12
2024-04-13 13:54:30 status half-ALERT libudev1:arm64 249.11-0ubuntu3.12
2024-04-13 13:54:30 status installed libudev1:arm64 249.11-0ubuntu3.12
2024-04-13 13:54:30 startup archives unpack
2024-04-13 13:54:30 ALERT libblkid1:arm64 2.37.2-4ubuntu3 2.37.2-4ubuntu3.4
2024-04-13 13:54:30 status half-ALERT libblkid1:arm64 2.37.2-4ubuntu3
2024-04-13 13:54:30 status unpacked libblkid1:arm64 2.37.2-4ubuntu3
2024-04-13 13:54:30 status half-installed libblkid1:arm64 2.37.2-4ubuntu3
2024-04-13 13:54:30 status unpacked libblkid1:arm64 2.37.2-4ubuntu3.4
2024-04-13 13:54:30 startup packages ALERT
2024-04-13 13:54:30 ALERT libblkid1:arm64 2.37.2-4ubuntu3.4 <none>
2024-04-13 13:54:30 status unpacked libblkid1:arm64 2.37.2-4ubuntu3.4
2024-04-13 13:54:30 status half-ALERT libblkid1:arm64 2.37.2-4ubuntu3.4
2024-04-13 13:54:30 status installed libblkid1:arm64 2.37.2-4ubuntu3.4
2024-04-13 13:54:30 startup archives unpack
2024-04-13 13:54:30 ALERT login:arm64 1:4.8.1-2ubuntu2.1 1:4.8.1-2ubuntu2.2
2024-04-13 13:54:30 status half-ALERT login:arm64 1:4.8.1-2ubuntu2.1
2024-04-13 13:54:30 status unpacked login:arm64 1:4.8.1-2ubuntu2.1
2024-04-13 13:54:30 status half-installed login:arm64 1:4.8.1-2ubuntu2.1
2024-04-13 13:54:30 status unpacked login:arm64 1:4.8.1-2ubuntu2.2
2024-04-13 13:54:30 startup packages ALERT
2024-04-13 13:54:30 ALERT login:arm64 1:4.8.1-2ubuntu2.2 <none>
2024-04-13 13:54:30 status unpacked login:arm64 1:4.8.1-2ubuntu2.2
2024-04-13 13:54:30 status half-ALERT login:arm64 1:4.8.1-2ubuntu2.2
2024-04-13 13:54:30 status installed login:arm64 1:4.8.1-2ubuntu2.2
2024-04-13 13:54:30 startup archives unpack
2024-04-13 13:54:30 ALERT util-linux:arm64 2.37.2-4ubuntu3 2.37.2-4ubuntu3.4
2024-04-13 13:54:30 status half-ALERT util-linux:arm64 2.37.2-4ubuntu3
2024-04-13 13:54:30 status unpacked util-linux:arm64 2.37.2-4ubuntu3
2024-04-13 13:54:30 status half-installed util-linux:arm64 2.37.2-4ubuntu3
2024-04-13 13:54:30 status unpacked util-linux:arm64 2.37.2-4ubuntu3.4
2024-04-13 13:54:30 startup packages ALERT
2024-04-13 13:54:30 ALERT util-linux:arm64 2.37.2-4ubuntu3.4 <none>
2024-04-13 13:54:30 status unpacked util-linux:arm64 2.37.2-4ubuntu3.4
2024-04-13 13:54:30 status half-ALERT util-linux:arm64 2.37.2-4ubuntu3.4
2024-04-13 13:54:30 status installed util-linux:arm64 2.37.2-4ubuntu3.4
2024-04-13 13:54:30 startup archives unpack
2024-04-13 13:54:30 ALERT libapparmor1:arm64 3.0.4-2ubuntu2.2 3.0.4-2ubuntu2.3
2024-04-13 13:54:30 status half-ALERT libapparmor1:arm64 3.0.4-2ubuntu2.2
2024-04-13 13:54:30 status unpacked libapparmor1:arm64 3.0.4-2ubuntu2.2
2024-04-13 13:54:30 status half-installed libapparmor1:arm64 3.0.4-2ubuntu2.2
2024-04-13 13:54:30 status unpacked libapparmor1:arm64 3.0.4-2ubuntu2.3
2024-04-13 13:54:30 ALERT libssl3:arm64 3.0.2-0ubuntu1.14 3.0.2-0ubuntu1.15
2024-04-13 13:54:30 status half-ALERT libssl3:arm64 3.0.2-0ubuntu1.14
2024-04-13 13:54:30 status unpacked libssl3:arm64 3.0.2-0ubuntu1.14
2024-04-13 13:54:30 status half-installed libssl3:arm64 3.0.2-0ubuntu1.14
2024-04-13 13:54:30 status unpacked libssl3:arm64 3.0.2-0ubuntu1.15
2024-04-13 13:54:30 startup packages ALERT
2024-04-13 13:54:30 ALERT libssl3:arm64 3.0.2-0ubuntu1.15 <none>
2024-04-13 13:54:30 status unpacked libssl3:arm64 3.0.2-0ubuntu1.15
2024-04-13 13:54:30 status half-ALERT libssl3:arm64 3.0.2-0ubuntu1.15
2024-04-13 13:54:30 status installed libssl3:arm64 3.0.2-0ubuntu1.15
2024-04-13 13:54:30 startup archives unpack
2024-04-13 13:54:31 ALERT libuuid1:arm64 2.37.2-4ubuntu3 2.37.2-4ubuntu3.4
2024-04-13 13:54:31 status half-ALERT libuuid1:arm64 2.37.2-4ubuntu3
2024-04-13 13:54:31 status unpacked libuuid1:arm64 2.37.2-4ubuntu3
2024-04-13 13:54:31 status half-installed libuuid1:arm64 2.37.2-4ubuntu3
2024-04-13 13:54:31 status unpacked libuuid1:arm64 2.37.2-4ubuntu3.4
2024-04-13 13:54:31 startup packages ALERT
2024-04-13 13:54:31 ALERT libuuid1:arm64 2.37.2-4ubuntu3.4 <none>
2024-04-13 13:54:31 status unpacked libuuid1:arm64 2.37.2-4ubuntu3.4
2024-04-13 13:54:31 status half-ALERT libuuid1:arm64 2.37.2-4ubuntu3.4
2024-04-13 13:54:31 status installed libuuid1:arm64 2.37.2-4ubuntu3.4
2024-04-13 13:54:31 startup archives unpack
2024-04-13 13:54:31 ALERT libcryptsetup12:arm64 2:2.4.3-1ubuntu1.1 2:2.4.3-1ubuntu1.2
2024-04-13 13:54:31 status half-ALERT libcryptsetup12:arm64 2:2.4.3-1ubuntu1.1
2024-04-13 13:54:31 status unpacked libcryptsetup12:arm64 2:2.4.3-1ubuntu1.1
2024-04-13 13:54:31 status half-installed libcryptsetup12:arm64 2:2.4.3-1ubuntu1.1
2024-04-13 13:54:31 status unpacked libcryptsetup12:arm64 2:2.4.3-1ubuntu1.2
2024-04-13 13:54:31 ALERT libxtables12:arm64 1.8.7-1ubuntu5.1 1.8.7-1ubuntu5.2
2024-04-13 13:54:31 status half-ALERT libxtables12:arm64 1.8.7-1ubuntu5.1
2024-04-13 13:54:31 status unpacked libxtables12:arm64 1.8.7-1ubuntu5.1
2024-04-13 13:54:31 status half-installed libxtables12:arm64 1.8.7-1ubuntu5.1
2024-04-13 13:54:31 status unpacked libxtables12:arm64 1.8.7-1ubuntu5.2
2024-04-13 13:54:31 ALERT iptables:arm64 1.8.7-1ubuntu5.1 1.8.7-1ubuntu5.2
2024-04-13 13:54:31 status half-ALERT iptables:arm64 1.8.7-1ubuntu5.1
2024-04-13 13:54:31 status unpacked iptables:arm64 1.8.7-1ubuntu5.1
2024-04-13 13:54:31 status half-installed iptables:arm64 1.8.7-1ubuntu5.1
2024-04-13 13:54:31 status unpacked iptables:arm64 1.8.7-1ubuntu5.2
2024-04-13 13:54:31 ALERT libip6tc2:arm64 1.8.7-1ubuntu5.1 1.8.7-1ubuntu5.2
2024-04-13 13:54:31 status half-ALERT libip6tc2:arm64 1.8.7-1ubuntu5.1
2024-04-13 13:54:31 status unpacked libip6tc2:arm64 1.8.7-1ubuntu5.1
2024-04-13 13:54:31 status half-installed libip6tc2:arm64 1.8.7-1ubuntu5.1
2024-04-13 13:54:31 status unpacked libip6tc2:arm64 1.8.7-1ubuntu5.2
2024-04-13 13:54:31 ALERT libip4tc2:arm64 1.8.7-1ubuntu5.1 1.8.7-1ubuntu5.2
2024-04-13 13:54:31 status half-ALERT libip4tc2:arm64 1.8.7-1ubuntu5.1
2024-04-13 13:54:31 status unpacked libip4tc2:arm64 1.8.7-1ubuntu5.1
2024-04-13 13:54:31 status half-installed libip4tc2:arm64 1.8.7-1ubuntu5.1
2024-04-13 13:54:31 status unpacked libip4tc2:arm64 1.8.7-1ubuntu5.2
2024-04-13 13:54:31 ALERT libmount1:arm64 2.37.2-4ubuntu3 2.37.2-4ubuntu3.4
2024-04-13 13:54:31 status half-ALERT libmount1:arm64 2.37.2-4ubuntu3
2024-04-13 13:54:31 status unpacked libmount1:arm64 2.37.2-4ubuntu3
2024-04-13 13:54:31 status half-installed libmount1:arm64 2.37.2-4ubuntu3
2024-04-13 13:54:31 status unpacked libmount1:arm64 2.37.2-4ubuntu3.4
2024-04-13 13:54:31 startup packages ALERT
2024-04-13 13:54:31 ALERT libmount1:arm64 2.37.2-4ubuntu3.4 <none>
2024-04-13 13:54:31 status unpacked libmount1:arm64 2.37.2-4ubuntu3.4
2024-04-13 13:54:31 status half-ALERT libmount1:arm64 2.37.2-4ubuntu3.4
2024-04-13 13:54:31 status installed libmount1:arm64 2.37.2-4ubuntu3.4
2024-04-13 13:54:31 startup archives unpack
2024-04-13 13:54:31 ALERT mount:arm64 2.37.2-4ubuntu3 2.37.2-4ubuntu3.4
2024-04-13 13:54:31 status half-ALERT mount:arm64 2.37.2-4ubuntu3
2024-04-13 13:54:31 status unpacked mount:arm64 2.37.2-4ubuntu3
2024-04-13 13:54:31 status half-installed mount:arm64 2.37.2-4ubuntu3
2024-04-13 13:54:31 status unpacked mount:arm64 2.37.2-4ubuntu3.4
2024-04-13 13:54:31 ALERT libapt-pkg6.0:arm64 2.4.9 2.4.12
2024-04-13 13:54:31 status half-ALERT libapt-pkg6.0:arm64 2.4.9
2024-04-13 13:54:31 status unpacked libapt-pkg6.0:arm64 2.4.9
2024-04-13 13:54:31 status half-installed libapt-pkg6.0:arm64 2.4.9
2024-04-13 13:54:31 status unpacked libapt-pkg6.0:arm64 2.4.12
2024-04-13 13:54:31 startup packages ALERT
2024-04-13 13:54:31 ALERT libapt-pkg6.0:arm64 2.4.12 <none>
2024-04-13 13:54:31 status unpacked libapt-pkg6.0:arm64 2.4.12
2024-04-13 13:54:31 status half-ALERT libapt-pkg6.0:arm64 2.4.12
2024-04-13 13:54:31 status installed libapt-pkg6.0:arm64 2.4.12
2024-04-13 13:54:31 startup archives unpack
2024-04-13 13:54:31 ALERT dpkg:arm64 1.21.1ubuntu2.2 1.21.1ubuntu2.3
2024-04-13 13:54:31 status half-ALERT dpkg:arm64 1.21.1ubuntu2.2
2024-04-13 13:54:31 status unpacked dpkg:arm64 1.21.1ubuntu2.2
2024-04-13 13:54:31 status half-installed dpkg:arm64 1.21.1ubuntu2.2
2024-04-13 13:54:31 status unpacked dpkg:arm64 1.21.1ubuntu2.3
2024-04-13 13:54:31 startup packages ALERT
2024-04-13 13:54:31 ALERT dpkg:arm64 1.21.1ubuntu2.3 <none>
2024-04-13 13:54:31 status unpacked dpkg:arm64 1.21.1ubuntu2.3
2024-04-13 13:54:31 status half-ALERT dpkg:arm64 1.21.1ubuntu2.3
2024-04-13 13:54:31 status installed dpkg:arm64 1.21.1ubuntu2.3
2024-04-13 13:54:31 startup archives unpack
2024-04-13 13:54:31 ALERT apt:arm64 2.4.9 2.4.12
2024-04-13 13:54:31 status half-ALERT apt:arm64 2.4.9
2024-04-13 13:54:31 status unpacked apt:arm64 2.4.9
2024-04-13 13:54:31 status half-installed apt:arm64 2.4.9
2024-04-13 13:54:31 status unpacked apt:arm64 2.4.12
2024-04-13 13:54:31 startup packages ALERT
2024-04-13 13:54:31 ALERT apt:arm64 2.4.12 <none>
2024-04-13 13:54:31 status unpacked apt:arm64 2.4.12
2024-04-13 13:54:31 status half-ALERT apt:arm64 2.4.12
2024-04-13 13:54:31 status installed apt:arm64 2.4.12
2024-04-13 13:54:31 startup archives unpack
2024-04-13 13:54:31 ALERT apt-utils:arm64 2.4.9 2.4.12
2024-04-13 13:54:31 status half-ALERT apt-utils:arm64 2.4.9
2024-04-13 13:54:31 status unpacked apt-utils:arm64 2.4.9
2024-04-13 13:54:31 status half-installed apt-utils:arm64 2.4.9
2024-04-13 13:54:31 status unpacked apt-utils:arm64 2.4.12
2024-04-13 13:54:31 ALERT irqbalance:arm64 1.8.0-1build1 1.8.0-1ubuntu0.2
2024-04-13 13:54:31 status half-ALERT irqbalance:arm64 1.8.0-1build1
2024-04-13 13:54:31 status unpacked irqbalance:arm64 1.8.0-1build1
2024-04-13 13:54:31 status half-installed irqbalance:arm64 1.8.0-1build1
2024-04-13 13:54:31 status unpacked irqbalance:arm64 1.8.0-1ubuntu0.2
2024-04-13 13:54:31 ALERT libsmartcols1:arm64 2.37.2-4ubuntu3 2.37.2-4ubuntu3.4
2024-04-13 13:54:31 status half-ALERT libsmartcols1:arm64 2.37.2-4ubuntu3
2024-04-13 13:54:31 status unpacked libsmartcols1:arm64 2.37.2-4ubuntu3
2024-04-13 13:54:31 status half-installed libsmartcols1:arm64 2.37.2-4ubuntu3
2024-04-13 13:54:31 status unpacked libsmartcols1:arm64 2.37.2-4ubuntu3.4
2024-04-13 13:54:31 startup packages ALERT
2024-04-13 13:54:31 ALERT libsmartcols1:arm64 2.37.2-4ubuntu3.4 <none>
2024-04-13 13:54:31 status unpacked libsmartcols1:arm64 2.37.2-4ubuntu3.4
2024-04-13 13:54:31 status half-ALERT libsmartcols1:arm64 2.37.2-4ubuntu3.4
2024-04-13 13:54:31 status installed libsmartcols1:arm64 2.37.2-4ubuntu3.4
2024-04-13 13:54:31 startup archives unpack
2024-04-13 13:54:31 ALERT uuid-runtime:arm64 2.37.2-4ubuntu3 2.37.2-4ubuntu3.4
2024-04-13 13:54:31 status half-ALERT uuid-runtime:arm64 2.37.2-4ubuntu3
2024-04-13 13:54:31 status unpacked uuid-runtime:arm64 2.37.2-4ubuntu3
2024-04-13 13:54:31 status half-installed uuid-runtime:arm64 2.37.2-4ubuntu3
2024-04-13 13:54:31 status unpacked uuid-runtime:arm64 2.37.2-4ubuntu3.4
2024-04-13 13:54:31 ALERT python-apt-common:all 2.4.0ubuntu2 2.4.0ubuntu3
2024-04-13 13:54:31 status half-ALERT python-apt-common:all 2.4.0ubuntu2
2024-04-13 13:54:31 status unpacked python-apt-common:all 2.4.0ubuntu2
2024-04-13 13:54:31 status half-installed python-apt-common:all 2.4.0ubuntu2
2024-04-13 13:54:31 status unpacked python-apt-common:all 2.4.0ubuntu3
2024-04-13 13:54:31 ALERT distro-info-data:all 0.52ubuntu0.4 0.52ubuntu0.6
2024-04-13 13:54:31 status half-ALERT distro-info-data:all 0.52ubuntu0.4
2024-04-13 13:54:31 status unpacked distro-info-data:all 0.52ubuntu0.4
2024-04-13 13:54:31 status half-installed distro-info-data:all 0.52ubuntu0.4
2024-04-13 13:54:31 status unpacked distro-info-data:all 0.52ubuntu0.6
2024-04-13 13:54:31 ALERT python3-apt:arm64 2.4.0ubuntu2 2.4.0ubuntu3
2024-04-13 13:54:31 status half-ALERT python3-apt:arm64 2.4.0ubuntu2
2024-04-13 13:54:32 status unpacked python3-apt:arm64 2.4.0ubuntu2
2024-04-13 13:54:32 status half-installed python3-apt:arm64 2.4.0ubuntu2
2024-04-13 13:54:32 status unpacked python3-apt:arm64 2.4.0ubuntu3
2024-04-13 13:54:32 ALERT ubuntu-drivers-common:arm64 1:0.9.6.2~0.22.04.4 1:0.9.6.2~0.22.04.6
2024-04-13 13:54:32 status half-ALERT ubuntu-drivers-common:arm64 1:0.9.6.2~0.22.04.4
2024-04-13 13:54:32 status unpacked ubuntu-drivers-common:arm64 1:0.9.6.2~0.22.04.4
2024-04-13 13:54:32 status half-installed ubuntu-drivers-common:arm64 1:0.9.6.2~0.22.04.4
2024-04-13 13:54:32 status unpacked ubuntu-drivers-common:arm64 1:0.9.6.2~0.22.04.6
2024-04-13 13:54:32 ALERT python3-distro-info:all 1.1ubuntu0.1 1.1ubuntu0.2
2024-04-13 13:54:32 status half-ALERT python3-distro-info:all 1.1ubuntu0.1
2024-04-13 13:54:32 status unpacked python3-distro-info:all 1.1ubuntu0.1
2024-04-13 13:54:32 status half-installed python3-distro-info:all 1.1ubuntu0.1
2024-04-13 13:54:32 status unpacked python3-distro-info:all 1.1ubuntu0.2
2024-04-13 13:54:32 ALERT update-notifier-common:all 3.192.54.6 3.192.54.8
2024-04-13 13:54:32 status half-ALERT update-notifier-common:all 3.192.54.6
2024-04-13 13:54:32 status unpacked update-notifier-common:all 3.192.54.6
2024-04-13 13:54:32 status half-installed update-notifier-common:all 3.192.54.6
2024-04-13 13:54:32 status unpacked update-notifier-common:all 3.192.54.8
2024-04-13 13:54:32 ALERT passwd:arm64 1:4.8.1-2ubuntu2.1 1:4.8.1-2ubuntu2.2
2024-04-13 13:54:32 status half-ALERT passwd:arm64 1:4.8.1-2ubuntu2.1
2024-04-13 13:54:32 status unpacked passwd:arm64 1:4.8.1-2ubuntu2.1
2024-04-13 13:54:32 status half-installed passwd:arm64 1:4.8.1-2ubuntu2.1
2024-04-13 13:54:32 status unpacked passwd:arm64 1:4.8.1-2ubuntu2.2
2024-04-13 13:54:32 startup packages ALERT
2024-04-13 13:54:32 ALERT passwd:arm64 1:4.8.1-2ubuntu2.2 <none>
2024-04-13 13:54:32 status unpacked passwd:arm64 1:4.8.1-2ubuntu2.2
2024-04-13 13:54:32 status half-ALERT passwd:arm64 1:4.8.1-2ubuntu2.2
2024-04-13 13:54:32 status installed passwd:arm64 1:4.8.1-2ubuntu2.2
2024-04-13 13:54:32 startup archives unpack
2024-04-13 13:54:32 ALERT distro-info:arm64 1.1ubuntu0.1 1.1ubuntu0.2
2024-04-13 13:54:32 status half-ALERT distro-info:arm64 1.1ubuntu0.1
2024-04-13 13:54:32 status unpacked distro-info:arm64 1.1ubuntu0.1
2024-04-13 13:54:32 status half-installed distro-info:arm64 1.1ubuntu0.1
2024-04-13 13:54:32 status unpacked distro-info:arm64 1.1ubuntu0.2
2024-04-13 13:54:32 ALERT eject:arm64 2.37.2-4ubuntu3 2.37.2-4ubuntu3.4
2024-04-13 13:54:32 status half-ALERT eject:arm64 2.37.2-4ubuntu3
2024-04-13 13:54:32 status unpacked eject:arm64 2.37.2-4ubuntu3
2024-04-13 13:54:32 status half-installed eject:arm64 2.37.2-4ubuntu3
2024-04-13 13:54:32 status unpacked eject:arm64 2.37.2-4ubuntu3.4
2024-04-13 13:54:32 ALERT less:arm64 590-1ubuntu0.22.04.1 590-1ubuntu0.22.04.2
2024-04-13 13:54:32 status half-ALERT less:arm64 590-1ubuntu0.22.04.1
2024-04-13 13:54:32 status unpacked less:arm64 590-1ubuntu0.22.04.1
2024-04-13 13:54:32 status half-installed less:arm64 590-1ubuntu0.22.04.1
2024-04-13 13:54:32 status unpacked less:arm64 590-1ubuntu0.22.04.2
2024-04-13 13:54:32 ALERT libexpat1:arm64 2.4.7-1ubuntu0.2 2.4.7-1ubuntu0.3
2024-04-13 13:54:32 status half-ALERT libexpat1:arm64 2.4.7-1ubuntu0.2
2024-04-13 13:54:32 status unpacked libexpat1:arm64 2.4.7-1ubuntu0.2
2024-04-13 13:54:32 status half-installed libexpat1:arm64 2.4.7-1ubuntu0.2
2024-04-13 13:54:32 status unpacked libexpat1:arm64 2.4.7-1ubuntu0.3
2024-04-13 13:54:32 ALERT initramfs-tools:all 0.140ubuntu13.2 0.140ubuntu13.4
2024-04-13 13:54:32 status half-ALERT initramfs-tools:all 0.140ubuntu13.2
2024-04-13 13:54:32 status unpacked initramfs-tools:all 0.140ubuntu13.2
2024-04-13 13:54:32 status half-installed initramfs-tools:all 0.140ubuntu13.2
2024-04-13 13:54:32 status unpacked initramfs-tools:all 0.140ubuntu13.4
2024-04-13 13:54:32 ALERT initramfs-tools-core:all 0.140ubuntu13.2 0.140ubuntu13.4
2024-04-13 13:54:32 status half-ALERT initramfs-tools-core:all 0.140ubuntu13.2
2024-04-13 13:54:32 status unpacked initramfs-tools-core:all 0.140ubuntu13.2
2024-04-13 13:54:32 status half-installed initramfs-tools-core:all 0.140ubuntu13.2
2024-04-13 13:54:32 status unpacked initramfs-tools-core:all 0.140ubuntu13.4
2024-04-13 13:54:32 ALERT initramfs-tools-bin:arm64 0.140ubuntu13.2 0.140ubuntu13.4
2024-04-13 13:54:32 status half-ALERT initramfs-tools-bin:arm64 0.140ubuntu13.2
2024-04-13 13:54:32 status unpacked initramfs-tools-bin:arm64 0.140ubuntu13.2
2024-04-13 13:54:32 status half-installed initramfs-tools-bin:arm64 0.140ubuntu13.2
2024-04-13 13:54:32 status unpacked initramfs-tools-bin:arm64 0.140ubuntu13.4
2024-04-13 13:54:32 ALERT netplan.io:arm64 0.105-0ubuntu2~22.04.3 0.106.1-7ubuntu0.22.04.2
2024-04-13 13:54:32 status half-ALERT netplan.io:arm64 0.105-0ubuntu2~22.04.3
2024-04-13 13:54:32 status unpacked netplan.io:arm64 0.105-0ubuntu2~22.04.3
2024-04-13 13:54:32 status half-installed netplan.io:arm64 0.105-0ubuntu2~22.04.3
2024-04-13 13:54:32 status unpacked netplan.io:arm64 0.106.1-7ubuntu0.22.04.2
2024-04-13 13:54:32 ALERT libnetplan0:arm64 0.105-0ubuntu2~22.04.3 0.106.1-7ubuntu0.22.04.2
2024-04-13 13:54:32 status half-ALERT libnetplan0:arm64 0.105-0ubuntu2~22.04.3
2024-04-13 13:54:32 status unpacked libnetplan0:arm64 0.105-0ubuntu2~22.04.3
2024-04-13 13:54:32 status half-installed libnetplan0:arm64 0.105-0ubuntu2~22.04.3
2024-04-13 13:54:32 status unpacked libnetplan0:arm64 0.106.1-7ubuntu0.22.04.2
2024-04-13 13:54:32 ALERT libxml2:arm64 2.9.13+dfsg-1ubuntu0.3 2.9.13+dfsg-1ubuntu0.4
2024-04-13 13:54:32 status half-ALERT libxml2:arm64 2.9.13+dfsg-1ubuntu0.3
2024-04-13 13:54:32 status unpacked libxml2:arm64 2.9.13+dfsg-1ubuntu0.3
2024-04-13 13:54:32 status half-installed libxml2:arm64 2.9.13+dfsg-1ubuntu0.3
2024-04-13 13:54:32 status unpacked libxml2:arm64 2.9.13+dfsg-1ubuntu0.4
2024-04-13 13:54:32 ALERT openssl:arm64 3.0.2-0ubuntu1.14 3.0.2-0ubuntu1.15
2024-04-13 13:54:32 status half-ALERT openssl:arm64 3.0.2-0ubuntu1.14
2024-04-13 13:54:32 status unpacked openssl:arm64 3.0.2-0ubuntu1.14
2024-04-13 13:54:32 status half-installed openssl:arm64 3.0.2-0ubuntu1.14
2024-04-13 13:54:32 status unpacked openssl:arm64 3.0.2-0ubuntu1.15
2024-04-13 13:54:32 ALERT tzdata:all 2023c-0ubuntu0.22.04.2 2024a-0ubuntu0.22.04
2024-04-13 13:54:32 status half-ALERT tzdata:all 2023c-0ubuntu0.22.04.2
2024-04-13 13:54:32 status unpacked tzdata:all 2023c-0ubuntu0.22.04.2
2024-04-13 13:54:32 status half-installed tzdata:all 2023c-0ubuntu0.22.04.2
2024-04-13 13:54:32 status unpacked tzdata:all 2024a-0ubuntu0.22.04
2024-04-13 13:54:32 ALERT ubuntu-advantage-tools:arm64 28.1~22.04 31.2~22.04
2024-04-13 13:54:32 status half-ALERT ubuntu-advantage-tools:arm64 28.1~22.04
2024-04-13 13:54:32 status unpacked ubuntu-advantage-tools:arm64 28.1~22.04
2024-04-13 13:54:32 status half-installed ubuntu-advantage-tools:arm64 28.1~22.04
2024-04-13 13:54:32 status unpacked ubuntu-advantage-tools:all 31.2~22.04
2024-04-13 13:54:32 install ubuntu-pro-client:arm64 <none> 31.2~22.04
2024-04-13 13:54:32 status half-installed ubuntu-pro-client:arm64 31.2~22.04
2024-04-13 13:54:32 status unpacked ubuntu-pro-client:arm64 31.2~22.04
2024-04-13 13:54:32 install ubuntu-pro-client-l10n:arm64 <none> 31.2~22.04
2024-04-13 13:54:32 status half-installed ubuntu-pro-client-l10n:arm64 31.2~22.04
2024-04-13 13:54:32 status unpacked ubuntu-pro-client-l10n:arm64 31.2~22.04
2024-04-13 13:54:32 ALERT vim:arm64 2:8.2.3995-1ubuntu2.15 2:8.2.3995-1ubuntu2.16
2024-04-13 13:54:32 status half-ALERT vim:arm64 2:8.2.3995-1ubuntu2.15
2024-04-13 13:54:32 status unpacked vim:arm64 2:8.2.3995-1ubuntu2.15
2024-04-13 13:54:32 status half-installed vim:arm64 2:8.2.3995-1ubuntu2.15
2024-04-13 13:54:32 status unpacked vim:arm64 2:8.2.3995-1ubuntu2.16
2024-04-13 13:54:32 ALERT vim-tiny:arm64 2:8.2.3995-1ubuntu2.15 2:8.2.3995-1ubuntu2.16
2024-04-13 13:54:32 status half-ALERT vim-tiny:arm64 2:8.2.3995-1ubuntu2.15
2024-04-13 13:54:32 status unpacked vim-tiny:arm64 2:8.2.3995-1ubuntu2.15
2024-04-13 13:54:32 status half-installed vim-tiny:arm64 2:8.2.3995-1ubuntu2.15
2024-04-13 13:54:32 status unpacked vim-tiny:arm64 2:8.2.3995-1ubuntu2.16
2024-04-13 13:54:32 ALERT vim-runtime:all 2:8.2.3995-1ubuntu2.15 2:8.2.3995-1ubuntu2.16
2024-04-13 13:54:32 status half-ALERT vim-runtime:all 2:8.2.3995-1ubuntu2.15
2024-04-13 13:54:32 status unpacked vim-runtime:all 2:8.2.3995-1ubuntu2.15
2024-04-13 13:54:32 status half-installed vim-runtime:all 2:8.2.3995-1ubuntu2.15
2024-04-13 13:54:33 status unpacked vim-runtime:all 2:8.2.3995-1ubuntu2.16
2024-04-13 13:54:33 ALERT xxd:arm64 2:8.2.3995-1ubuntu2.15 2:8.2.3995-1ubuntu2.16
2024-04-13 13:54:33 status half-ALERT xxd:arm64 2:8.2.3995-1ubuntu2.15
2024-04-13 13:54:33 status unpacked xxd:arm64 2:8.2.3995-1ubuntu2.15
2024-04-13 13:54:33 status half-installed xxd:arm64 2:8.2.3995-1ubuntu2.15
2024-04-13 13:54:33 status unpacked xxd:arm64 2:8.2.3995-1ubuntu2.16
2024-04-13 13:54:33 ALERT vim-common:all 2:8.2.3995-1ubuntu2.15 2:8.2.3995-1ubuntu2.16
2024-04-13 13:54:33 status half-ALERT vim-common:all 2:8.2.3995-1ubuntu2.15
2024-04-13 13:54:33 status unpacked vim-common:all 2:8.2.3995-1ubuntu2.15
2024-04-13 13:54:33 status half-installed vim-common:all 2:8.2.3995-1ubuntu2.15
2024-04-13 13:54:33 status unpacked vim-common:all 2:8.2.3995-1ubuntu2.16
2024-04-13 13:54:33 ALERT apparmor:arm64 3.0.4-2ubuntu2.2 3.0.4-2ubuntu2.3
2024-04-13 13:54:33 status half-ALERT apparmor:arm64 3.0.4-2ubuntu2.2
2024-04-13 13:54:33 status unpacked apparmor:arm64 3.0.4-2ubuntu2.2
2024-04-13 13:54:33 status half-installed apparmor:arm64 3.0.4-2ubuntu2.2
2024-04-13 13:54:33 status unpacked apparmor:arm64 3.0.4-2ubuntu2.3
2024-04-13 13:54:33 ALERT libuv1:arm64 1.43.0-1 1.43.0-1ubuntu0.1
2024-04-13 13:54:33 status half-ALERT libuv1:arm64 1.43.0-1
2024-04-13 13:54:33 status unpacked libuv1:arm64 1.43.0-1
2024-04-13 13:54:33 status half-installed libuv1:arm64 1.43.0-1
2024-04-13 13:54:33 status unpacked libuv1:arm64 1.43.0-1ubuntu0.1
2024-04-13 13:54:33 ALERT bind9-dnsutils:arm64 1:9.18.12-0ubuntu0.22.04.3 1:9.18.18-0ubuntu0.22.04.2
2024-04-13 13:54:33 status half-ALERT bind9-dnsutils:arm64 1:9.18.12-0ubuntu0.22.04.3
2024-04-13 13:54:33 status unpacked bind9-dnsutils:arm64 1:9.18.12-0ubuntu0.22.04.3
2024-04-13 13:54:33 status half-installed bind9-dnsutils:arm64 1:9.18.12-0ubuntu0.22.04.3
2024-04-13 13:54:33 status unpacked bind9-dnsutils:arm64 1:9.18.18-0ubuntu0.22.04.2
2024-04-13 13:54:33 ALERT bind9-host:arm64 1:9.18.12-0ubuntu0.22.04.3 1:9.18.18-0ubuntu0.22.04.2
2024-04-13 13:54:33 status half-ALERT bind9-host:arm64 1:9.18.12-0ubuntu0.22.04.3
2024-04-13 13:54:33 status unpacked bind9-host:arm64 1:9.18.12-0ubuntu0.22.04.3
2024-04-13 13:54:33 status half-installed bind9-host:arm64 1:9.18.12-0ubuntu0.22.04.3
2024-04-13 13:54:33 status unpacked bind9-host:arm64 1:9.18.18-0ubuntu0.22.04.2
2024-04-13 13:54:33 ALERT bind9-libs:arm64 1:9.18.12-0ubuntu0.22.04.3 1:9.18.18-0ubuntu0.22.04.2
2024-04-13 13:54:33 status half-ALERT bind9-libs:arm64 1:9.18.12-0ubuntu0.22.04.3
2024-04-13 13:54:33 status unpacked bind9-libs:arm64 1:9.18.12-0ubuntu0.22.04.3
2024-04-13 13:54:33 status half-installed bind9-libs:arm64 1:9.18.12-0ubuntu0.22.04.3
2024-04-13 13:54:33 status unpacked bind9-libs:arm64 1:9.18.18-0ubuntu0.22.04.2
2024-04-13 13:54:33 ALERT bsdextrautils:arm64 2.37.2-4ubuntu3 2.37.2-4ubuntu3.4
2024-04-13 13:54:33 status half-ALERT bsdextrautils:arm64 2.37.2-4ubuntu3
2024-04-13 13:54:33 status unpacked bsdextrautils:arm64 2.37.2-4ubuntu3
2024-04-13 13:54:33 status half-installed bsdextrautils:arm64 2.37.2-4ubuntu3
2024-04-13 13:54:33 status unpacked bsdextrautils:arm64 2.37.2-4ubuntu3.4
2024-04-13 13:54:33 ALERT ubuntu-release-ALERTr-core:all 1:22.04.17 1:22.04.19
2024-04-13 13:54:33 status half-ALERT ubuntu-release-ALERTr-core:all 1:22.04.17
2024-04-13 13:54:33 status unpacked ubuntu-release-ALERTr-core:all 1:22.04.17
2024-04-13 13:54:33 status half-installed ubuntu-release-ALERTr-core:all 1:22.04.17
2024-04-13 13:54:33 status unpacked ubuntu-release-ALERTr-core:all 1:22.04.19
2024-04-13 13:54:33 ALERT python3-distALERT:all 1:22.04.17 1:22.04.19
2024-04-13 13:54:33 status half-ALERT python3-distALERT:all 1:22.04.17
2024-04-13 13:54:33 status unpacked python3-distALERT:all 1:22.04.17
2024-04-13 13:54:33 status half-installed python3-distALERT:all 1:22.04.17
2024-04-13 13:54:33 status unpacked python3-distALERT:all 1:22.04.19
2024-04-13 13:54:33 ALERT tcpdump:arm64 4.99.1-3ubuntu0.1 4.99.1-3ubuntu0.2
2024-04-13 13:54:33 status half-ALERT tcpdump:arm64 4.99.1-3ubuntu0.1
2024-04-13 13:54:33 status unpacked tcpdump:arm64 4.99.1-3ubuntu0.1
2024-04-13 13:54:33 status half-installed tcpdump:arm64 4.99.1-3ubuntu0.1
2024-04-13 13:54:33 status unpacked tcpdump:arm64 4.99.1-3ubuntu0.2
2024-04-13 13:54:33 ALERT libctf0:arm64 2.38-4ubuntu2.5 2.38-4ubuntu2.6
2024-04-13 13:54:33 status half-ALERT libctf0:arm64 2.38-4ubuntu2.5
2024-04-13 13:54:33 status unpacked libctf0:arm64 2.38-4ubuntu2.5
2024-04-13 13:54:33 status half-installed libctf0:arm64 2.38-4ubuntu2.5
2024-04-13 13:54:33 status unpacked libctf0:arm64 2.38-4ubuntu2.6
2024-04-13 13:54:33 ALERT libctf-nobfd0:arm64 2.38-4ubuntu2.5 2.38-4ubuntu2.6
2024-04-13 13:54:33 status half-ALERT libctf-nobfd0:arm64 2.38-4ubuntu2.5
2024-04-13 13:54:33 status unpacked libctf-nobfd0:arm64 2.38-4ubuntu2.5
2024-04-13 13:54:33 status half-installed libctf-nobfd0:arm64 2.38-4ubuntu2.5
2024-04-13 13:54:33 status unpacked libctf-nobfd0:arm64 2.38-4ubuntu2.6
2024-04-13 13:54:33 ALERT binutils-aarch64-linux-gnu:arm64 2.38-4ubuntu2.5 2.38-4ubuntu2.6
2024-04-13 13:54:33 status half-ALERT binutils-aarch64-linux-gnu:arm64 2.38-4ubuntu2.5
2024-04-13 13:54:33 status unpacked binutils-aarch64-linux-gnu:arm64 2.38-4ubuntu2.5
2024-04-13 13:54:33 status half-installed binutils-aarch64-linux-gnu:arm64 2.38-4ubuntu2.5
2024-04-13 13:54:33 status unpacked binutils-aarch64-linux-gnu:arm64 2.38-4ubuntu2.6
2024-04-13 13:54:33 ALERT libbinutils:arm64 2.38-4ubuntu2.5 2.38-4ubuntu2.6
2024-04-13 13:54:33 status half-ALERT libbinutils:arm64 2.38-4ubuntu2.5
2024-04-13 13:54:33 status unpacked libbinutils:arm64 2.38-4ubuntu2.5
2024-04-13 13:54:33 status half-installed libbinutils:arm64 2.38-4ubuntu2.5
2024-04-13 13:54:33 status unpacked libbinutils:arm64 2.38-4ubuntu2.6
2024-04-13 13:54:33 ALERT binutils:arm64 2.38-4ubuntu2.5 2.38-4ubuntu2.6
2024-04-13 13:54:33 status half-ALERT binutils:arm64 2.38-4ubuntu2.5
2024-04-13 13:54:33 status unpacked binutils:arm64 2.38-4ubuntu2.5
2024-04-13 13:54:33 status half-installed binutils:arm64 2.38-4ubuntu2.5
2024-04-13 13:54:33 status unpacked binutils:arm64 2.38-4ubuntu2.6
2024-04-13 13:54:33 ALERT binutils-common:arm64 2.38-4ubuntu2.5 2.38-4ubuntu2.6
2024-04-13 13:54:33 status half-ALERT binutils-common:arm64 2.38-4ubuntu2.5
2024-04-13 13:54:33 status unpacked binutils-common:arm64 2.38-4ubuntu2.5
2024-04-13 13:54:33 status half-installed binutils-common:arm64 2.38-4ubuntu2.5
2024-04-13 13:54:33 status unpacked binutils-common:arm64 2.38-4ubuntu2.6
2024-04-13 13:54:33 ALERT cryptsetup-initramfs:all 2:2.4.3-1ubuntu1.1 2:2.4.3-1ubuntu1.2
2024-04-13 13:54:33 status half-ALERT cryptsetup-initramfs:all 2:2.4.3-1ubuntu1.1
2024-04-13 13:54:33 status unpacked cryptsetup-initramfs:all 2:2.4.3-1ubuntu1.1
2024-04-13 13:54:33 status half-installed cryptsetup-initramfs:all 2:2.4.3-1ubuntu1.1
2024-04-13 13:54:33 status unpacked cryptsetup-initramfs:all 2:2.4.3-1ubuntu1.2
2024-04-13 13:54:33 ALERT cryptsetup-bin:arm64 2:2.4.3-1ubuntu1.1 2:2.4.3-1ubuntu1.2
2024-04-13 13:54:33 status half-ALERT cryptsetup-bin:arm64 2:2.4.3-1ubuntu1.1
2024-04-13 13:54:33 status unpacked cryptsetup-bin:arm64 2:2.4.3-1ubuntu1.1
2024-04-13 13:54:33 status half-installed cryptsetup-bin:arm64 2:2.4.3-1ubuntu1.1
2024-04-13 13:54:33 status unpacked cryptsetup-bin:arm64 2:2.4.3-1ubuntu1.2
2024-04-13 13:54:33 ALERT cryptsetup:arm64 2:2.4.3-1ubuntu1.1 2:2.4.3-1ubuntu1.2
2024-04-13 13:54:33 status half-ALERT cryptsetup:arm64 2:2.4.3-1ubuntu1.1
2024-04-13 13:54:33 status unpacked cryptsetup:arm64 2:2.4.3-1ubuntu1.1
2024-04-13 13:54:33 status half-installed cryptsetup:arm64 2:2.4.3-1ubuntu1.1
2024-04-13 13:54:33 status unpacked cryptsetup:arm64 2:2.4.3-1ubuntu1.2
2024-04-13 13:54:33 ALERT libldap-2.5-0:arm64 2.5.16+dfsg-0ubuntu0.22.04.2 2.5.17+dfsg-0ubuntu0.22.04.1
2024-04-13 13:54:33 status half-ALERT libldap-2.5-0:arm64 2.5.16+dfsg-0ubuntu0.22.04.2
2024-04-13 13:54:33 status unpacked libldap-2.5-0:arm64 2.5.16+dfsg-0ubuntu0.22.04.2
2024-04-13 13:54:33 status half-installed libldap-2.5-0:arm64 2.5.16+dfsg-0ubuntu0.22.04.2
2024-04-13 13:54:33 status unpacked libldap-2.5-0:arm64 2.5.17+dfsg-0ubuntu0.22.04.1
2024-04-13 13:54:33 ALERT curl:arm64 7.81.0-1ubuntu1.15 7.81.0-1ubuntu1.16
2024-04-13 13:54:33 status half-ALERT curl:arm64 7.81.0-1ubuntu1.15
2024-04-13 13:54:33 status unpacked curl:arm64 7.81.0-1ubuntu1.15
2024-04-13 13:54:33 status half-installed curl:arm64 7.81.0-1ubuntu1.15
2024-04-13 13:54:33 status unpacked curl:arm64 7.81.0-1ubuntu1.16
2024-04-13 13:54:33 ALERT libcurl4:arm64 7.81.0-1ubuntu1.15 7.81.0-1ubuntu1.16
2024-04-13 13:54:33 status half-ALERT libcurl4:arm64 7.81.0-1ubuntu1.15
2024-04-13 13:54:33 status unpacked libcurl4:arm64 7.81.0-1ubuntu1.15
2024-04-13 13:54:33 status half-installed libcurl4:arm64 7.81.0-1ubuntu1.15
2024-04-13 13:54:33 status unpacked libcurl4:arm64 7.81.0-1ubuntu1.16
2024-04-13 13:54:33 ALERT ethtool:arm64 1:5.16-1 1:5.16-1ubuntu0.1
2024-04-13 13:54:33 status half-ALERT ethtool:arm64 1:5.16-1
2024-04-13 13:54:33 status unpacked ethtool:arm64 1:5.16-1
2024-04-13 13:54:33 status half-installed ethtool:arm64 1:5.16-1
2024-04-13 13:54:33 status unpacked ethtool:arm64 1:5.16-1ubuntu0.1
2024-04-13 13:54:33 ALERT libfdisk1:arm64 2.37.2-4ubuntu3 2.37.2-4ubuntu3.4
2024-04-13 13:54:33 status half-ALERT libfdisk1:arm64 2.37.2-4ubuntu3
2024-04-13 13:54:33 status unpacked libfdisk1:arm64 2.37.2-4ubuntu3
2024-04-13 13:54:33 status half-installed libfdisk1:arm64 2.37.2-4ubuntu3
2024-04-13 13:54:33 status unpacked libfdisk1:arm64 2.37.2-4ubuntu3.4
2024-04-13 13:54:33 ALERT fdisk:arm64 2.37.2-4ubuntu3 2.37.2-4ubuntu3.4
2024-04-13 13:54:33 status half-ALERT fdisk:arm64 2.37.2-4ubuntu3
2024-04-13 13:54:33 status unpacked fdisk:arm64 2.37.2-4ubuntu3
2024-04-13 13:54:33 status half-installed fdisk:arm64 2.37.2-4ubuntu3
2024-04-13 13:54:33 status unpacked fdisk:arm64 2.37.2-4ubuntu3.4
2024-04-13 13:54:33 ALERT firmware-sof-signed:all 2.0-1ubuntu4.4 2.0-1ubuntu4.7
2024-04-13 13:54:33 status half-ALERT firmware-sof-signed:all 2.0-1ubuntu4.4
2024-04-13 13:54:33 status unpacked firmware-sof-signed:all 2.0-1ubuntu4.4
2024-04-13 13:54:33 status half-installed firmware-sof-signed:all 2.0-1ubuntu4.4
2024-04-13 13:54:33 status unpacked firmware-sof-signed:all 2.0-1ubuntu4.7
2024-04-13 13:54:33 ALERT libcurl3-gnutls:arm64 7.81.0-1ubuntu1.15 7.81.0-1ubuntu1.16
2024-04-13 13:54:33 status half-ALERT libcurl3-gnutls:arm64 7.81.0-1ubuntu1.15
2024-04-13 13:54:33 status unpacked libcurl3-gnutls:arm64 7.81.0-1ubuntu1.15
2024-04-13 13:54:33 status half-installed libcurl3-gnutls:arm64 7.81.0-1ubuntu1.15
2024-04-13 13:54:33 status unpacked libcurl3-gnutls:arm64 7.81.0-1ubuntu1.16
2024-04-13 13:54:33 ALERT git-man:all 1:2.34.1-1ubuntu1.9 1:2.34.1-1ubuntu1.10
2024-04-13 13:54:33 status half-ALERT git-man:all 1:2.34.1-1ubuntu1.9
2024-04-13 13:54:33 status unpacked git-man:all 1:2.34.1-1ubuntu1.9
2024-04-13 13:54:33 status half-installed git-man:all 1:2.34.1-1ubuntu1.9
2024-04-13 13:54:33 status unpacked git-man:all 1:2.34.1-1ubuntu1.10
2024-04-13 13:54:33 ALERT git:arm64 1:2.34.1-1ubuntu1.9 1:2.34.1-1ubuntu1.10
2024-04-13 13:54:33 status half-ALERT git:arm64 1:2.34.1-1ubuntu1.9
2024-04-13 13:54:33 status unpacked git:arm64 1:2.34.1-1ubuntu1.9
2024-04-13 13:54:33 status half-installed git:arm64 1:2.34.1-1ubuntu1.9
2024-04-13 13:54:33 status unpacked git:arm64 1:2.34.1-1ubuntu1.10
2024-04-13 13:54:33 ALERT libgpgme11:arm64 1.16.0-1.2ubuntu4.1 1.16.0-1.2ubuntu4.2
2024-04-13 13:54:33 status half-ALERT libgpgme11:arm64 1.16.0-1.2ubuntu4.1
2024-04-13 13:54:33 status unpacked libgpgme11:arm64 1.16.0-1.2ubuntu4.1
2024-04-13 13:54:33 status half-installed libgpgme11:arm64 1.16.0-1.2ubuntu4.1
2024-04-13 13:54:33 status unpacked libgpgme11:arm64 1.16.0-1.2ubuntu4.2
2024-04-13 13:54:33 ALERT libldap-common:all 2.5.16+dfsg-0ubuntu0.22.04.2 2.5.17+dfsg-0ubuntu0.22.04.1
2024-04-13 13:54:33 status half-ALERT libldap-common:all 2.5.16+dfsg-0ubuntu0.22.04.2
2024-04-13 13:54:33 status unpacked libldap-common:all 2.5.16+dfsg-0ubuntu0.22.04.2
2024-04-13 13:54:33 status half-installed libldap-common:all 2.5.16+dfsg-0ubuntu0.22.04.2
2024-04-13 13:54:33 status unpacked libldap-common:all 2.5.17+dfsg-0ubuntu0.22.04.1
2024-04-13 13:54:33 ALERT libmm-glib0:arm64 1.20.0-1~ubuntu22.04.2 1.20.0-1~ubuntu22.04.3
2024-04-13 13:54:33 status half-ALERT libmm-glib0:arm64 1.20.0-1~ubuntu22.04.2
2024-04-13 13:54:33 status unpacked libmm-glib0:arm64 1.20.0-1~ubuntu22.04.2
2024-04-13 13:54:33 status half-installed libmm-glib0:arm64 1.20.0-1~ubuntu22.04.2
2024-04-13 13:54:33 status unpacked libmm-glib0:arm64 1.20.0-1~ubuntu22.04.3
2024-04-13 13:54:33 ALERT libnspr4:arm64 2:4.32-3build1 2:4.35-0ubuntu0.22.04.1
2024-04-13 13:54:33 status half-ALERT libnspr4:arm64 2:4.32-3build1
2024-04-13 13:54:33 status unpacked libnspr4:arm64 2:4.32-3build1
2024-04-13 13:54:33 status half-installed libnspr4:arm64 2:4.32-3build1
2024-04-13 13:54:33 status unpacked libnspr4:arm64 2:4.35-0ubuntu0.22.04.1
2024-04-13 13:54:33 ALERT libnss3:arm64 2:3.68.2-0ubuntu1.2 2:3.98-0ubuntu0.22.04.2
2024-04-13 13:54:33 status half-ALERT libnss3:arm64 2:3.68.2-0ubuntu1.2
2024-04-13 13:54:33 status unpacked libnss3:arm64 2:3.68.2-0ubuntu1.2
2024-04-13 13:54:33 status half-installed libnss3:arm64 2:3.68.2-0ubuntu1.2
2024-04-13 13:54:34 status unpacked libnss3:arm64 2:3.98-0ubuntu0.22.04.2
2024-04-13 13:54:34 ALERT libsgutils2-2:arm64 1.46-1build1 1.46-1ubuntu0.22.04.1
2024-04-13 13:54:34 status half-ALERT libsgutils2-2:arm64 1.46-1build1
2024-04-13 13:54:34 status unpacked libsgutils2-2:arm64 1.46-1build1
2024-04-13 13:54:34 status half-installed libsgutils2-2:arm64 1.46-1build1
2024-04-13 13:54:34 status unpacked libsgutils2-2:arm64 1.46-1ubuntu0.22.04.1
2024-04-13 13:54:34 ALERT linux-firmware:all 20220329.git681281e4-0ubuntu3.26 20220329.git681281e4-0ubuntu3.29
2024-04-13 13:54:34 status half-ALERT linux-firmware:all 20220329.git681281e4-0ubuntu3.26
2024-04-13 13:54:34 status unpacked linux-firmware:all 20220329.git681281e4-0ubuntu3.26
2024-04-13 13:54:34 status half-installed linux-firmware:all 20220329.git681281e4-0ubuntu3.26
2024-04-13 13:54:37 status unpacked linux-firmware:all 20220329.git681281e4-0ubuntu3.29
2024-04-13 13:54:37 install linux-modules-5.15.0-102-generic:arm64 <none> 5.15.0-102.112
2024-04-13 13:54:37 status half-installed linux-modules-5.15.0-102-generic:arm64 5.15.0-102.112
2024-04-13 13:54:48 status unpacked linux-modules-5.15.0-102-generic:arm64 5.15.0-102.112
2024-04-13 13:54:48 install linux-image-5.15.0-102-generic:arm64 <none> 5.15.0-102.112
2024-04-13 13:54:48 status half-installed linux-image-5.15.0-102-generic:arm64 5.15.0-102.112
2024-04-13 13:54:48 status unpacked linux-image-5.15.0-102-generic:arm64 5.15.0-102.112
2024-04-13 13:54:48 install linux-modules-extra-5.15.0-102-generic:arm64 <none> 5.15.0-102.112
2024-04-13 13:54:48 status half-installed linux-modules-extra-5.15.0-102-generic:arm64 5.15.0-102.112
2024-04-13 13:54:53 status unpacked linux-modules-extra-5.15.0-102-generic:arm64 5.15.0-102.112
2024-04-13 13:54:53 ALERT linux-generic:arm64 5.15.0.94.91 5.15.0.102.99
2024-04-13 13:54:53 status half-ALERT linux-generic:arm64 5.15.0.94.91
2024-04-13 13:54:53 status unpacked linux-generic:arm64 5.15.0.94.91
2024-04-13 13:54:53 status half-installed linux-generic:arm64 5.15.0.94.91
2024-04-13 13:54:53 status unpacked linux-generic:arm64 5.15.0.102.99
2024-04-13 13:54:53 ALERT linux-image-generic:arm64 5.15.0.94.91 5.15.0.102.99
2024-04-13 13:54:53 status half-ALERT linux-image-generic:arm64 5.15.0.94.91
2024-04-13 13:54:53 status unpacked linux-image-generic:arm64 5.15.0.94.91
2024-04-13 13:54:53 status half-installed linux-image-generic:arm64 5.15.0.94.91
2024-04-13 13:54:53 status unpacked linux-image-generic:arm64 5.15.0.102.99
2024-04-13 13:54:53 install linux-headers-5.15.0-102:all <none> 5.15.0-102.112
2024-04-13 13:54:53 status half-installed linux-headers-5.15.0-102:all 5.15.0-102.112
2024-04-13 13:54:54 status unpacked linux-headers-5.15.0-102:all 5.15.0-102.112
2024-04-13 13:54:54 install linux-headers-5.15.0-102-generic:arm64 <none> 5.15.0-102.112
2024-04-13 13:54:54 status half-installed linux-headers-5.15.0-102-generic:arm64 5.15.0-102.112
2024-04-13 13:54:55 status unpacked linux-headers-5.15.0-102-generic:arm64 5.15.0-102.112
2024-04-13 13:54:55 ALERT linux-headers-generic:arm64 5.15.0.94.91 5.15.0.102.99
2024-04-13 13:54:55 status half-ALERT linux-headers-generic:arm64 5.15.0.94.91
2024-04-13 13:54:55 status unpacked linux-headers-generic:arm64 5.15.0.94.91
2024-04-13 13:54:55 status half-installed linux-headers-generic:arm64 5.15.0.94.91
2024-04-13 13:54:55 status unpacked linux-headers-generic:arm64 5.15.0.102.99
2024-04-13 13:54:55 ALERT modemmanager:arm64 1.20.0-1~ubuntu22.04.2 1.20.0-1~ubuntu22.04.3
2024-04-13 13:54:55 status half-ALERT modemmanager:arm64 1.20.0-1~ubuntu22.04.2
2024-04-13 13:54:55 status unpacked modemmanager:arm64 1.20.0-1~ubuntu22.04.2
2024-04-13 13:54:55 status half-installed modemmanager:arm64 1.20.0-1~ubuntu22.04.2
2024-04-13 13:54:55 status triggers-pending dbus:arm64 1.12.20-2ubuntu4.1
2024-04-13 13:54:55 status unpacked modemmanager:arm64 1.20.0-1~ubuntu22.04.3
2024-04-13 13:54:55 ALERT python3-cryptography:arm64 3.4.8-1ubuntu2.1 3.4.8-1ubuntu2.2
2024-04-13 13:54:55 status half-ALERT python3-cryptography:arm64 3.4.8-1ubuntu2.1
2024-04-13 13:54:55 status unpacked python3-cryptography:arm64 3.4.8-1ubuntu2.1
2024-04-13 13:54:55 status half-installed python3-cryptography:arm64 3.4.8-1ubuntu2.1
2024-04-13 13:54:55 status unpacked python3-cryptography:arm64 3.4.8-1ubuntu2.2
2024-04-13 13:54:55 ALERT software-properties-common:all 0.99.22.7 0.99.22.9
2024-04-13 13:54:55 status half-ALERT software-properties-common:all 0.99.22.7
2024-04-13 13:54:55 status unpacked software-properties-common:all 0.99.22.7
2024-04-13 13:54:55 status half-installed software-properties-common:all 0.99.22.7
2024-04-13 13:54:55 status unpacked software-properties-common:all 0.99.22.9
2024-04-13 13:54:55 ALERT python3-software-properties:all 0.99.22.7 0.99.22.9
2024-04-13 13:54:55 status half-ALERT python3-software-properties:all 0.99.22.7
2024-04-13 13:54:55 status unpacked python3-software-properties:all 0.99.22.7
2024-04-13 13:54:55 status half-installed python3-software-properties:all 0.99.22.7
2024-04-13 13:54:55 status unpacked python3-software-properties:all 0.99.22.9
2024-04-13 13:54:55 ALERT sg3-utils:arm64 1.46-1build1 1.46-1ubuntu0.22.04.1
2024-04-13 13:54:55 status half-ALERT sg3-utils:arm64 1.46-1build1
2024-04-13 13:54:55 status unpacked sg3-utils:arm64 1.46-1build1
2024-04-13 13:54:55 status half-installed sg3-utils:arm64 1.46-1build1
2024-04-13 13:54:55 status unpacked sg3-utils:arm64 1.46-1ubuntu0.22.04.1
2024-04-13 13:54:55 ALERT sg3-utils-udev:all 1.46-1build1 1.46-1ubuntu0.22.04.1
2024-04-13 13:54:55 status half-ALERT sg3-utils-udev:all 1.46-1build1
2024-04-13 13:54:55 status unpacked sg3-utils-udev:all 1.46-1build1
2024-04-13 13:54:55 status half-installed sg3-utils-udev:all 1.46-1build1
2024-04-13 13:54:55 status unpacked sg3-utils-udev:all 1.46-1ubuntu0.22.04.1
2024-04-13 13:54:55 ALERT snapd:arm64 2.58+22.04.1 2.61.3+22.04
2024-04-13 13:54:55 status half-ALERT snapd:arm64 2.58+22.04.1
2024-04-13 13:54:55 status unpacked snapd:arm64 2.58+22.04.1
2024-04-13 13:54:55 status half-installed snapd:arm64 2.58+22.04.1
2024-04-13 13:54:56 status unpacked snapd:arm64 2.61.3+22.04
2024-04-13 13:54:56 ALERT sosreport:arm64 4.4-1ubuntu1.22.04.1 4.5.6-0ubuntu1~22.04.2
2024-04-13 13:54:56 status half-ALERT sosreport:arm64 4.4-1ubuntu1.22.04.1
2024-04-13 13:54:56 status unpacked sosreport:arm64 4.4-1ubuntu1.22.04.1
2024-04-13 13:54:56 status half-installed sosreport:arm64 4.4-1ubuntu1.22.04.1
2024-04-13 13:54:56 status unpacked sosreport:arm64 4.5.6-0ubuntu1~22.04.2
2024-04-13 13:54:56 ALERT systemd-hwe-hwdb:all 249.11.3 249.11.5
2024-04-13 13:54:56 status half-ALERT systemd-hwe-hwdb:all 249.11.3
2024-04-13 13:54:56 status unpacked systemd-hwe-hwdb:all 249.11.3
2024-04-13 13:54:56 status half-installed systemd-hwe-hwdb:all 249.11.3
2024-04-13 13:54:56 status unpacked systemd-hwe-hwdb:all 249.11.5
2024-04-13 13:54:56 ALERT cloud-init:all 23.2.1-0ubuntu0~22.04.1 23.4.4-0ubuntu0~22.04.1
2024-04-13 13:54:56 status half-ALERT cloud-init:all 23.2.1-0ubuntu0~22.04.1
2024-04-13 13:54:56 status unpacked cloud-init:all 23.2.1-0ubuntu0~22.04.1
2024-04-13 13:54:56 status half-installed cloud-init:all 23.2.1-0ubuntu0~22.04.1
2024-04-13 13:54:56 status triggers-pending rsyslog:arm64 8.2112.0-2ubuntu2.2
2024-04-13 13:54:56 status unpacked cloud-init:all 23.4.4-0ubuntu0~22.04.1
2024-04-13 13:54:56 ALERT kpartx:arm64 0.8.8-1ubuntu1.22.04.1 0.8.8-1ubuntu1.22.04.4
2024-04-13 13:54:56 status half-ALERT kpartx:arm64 0.8.8-1ubuntu1.22.04.1
2024-04-13 13:54:56 status unpacked kpartx:arm64 0.8.8-1ubuntu1.22.04.1
2024-04-13 13:54:56 status half-installed kpartx:arm64 0.8.8-1ubuntu1.22.04.1
2024-04-13 13:54:56 status unpacked kpartx:arm64 0.8.8-1ubuntu1.22.04.4
2024-04-13 13:54:56 ALERT multipath-tools:arm64 0.8.8-1ubuntu1.22.04.1 0.8.8-1ubuntu1.22.04.4
2024-04-13 13:54:56 status half-ALERT multipath-tools:arm64 0.8.8-1ubuntu1.22.04.1
2024-04-13 13:54:56 status unpacked multipath-tools:arm64 0.8.8-1ubuntu1.22.04.1
2024-04-13 13:54:56 status half-installed multipath-tools:arm64 0.8.8-1ubuntu1.22.04.1
2024-04-13 13:54:56 status unpacked multipath-tools:arm64 0.8.8-1ubuntu1.22.04.4
